<?xml version="1.0" encoding="UTF-8"?>
<testng-results ignored="0" total="1" passed="1" failed="0" skipped="0">
  <reporter-output>
  </reporter-output>
  <suite started-at="2025-08-28T18:12:37 IST" name="Surefire suite" finished-at="2025-08-28T18:12:54 IST" duration-ms="16968">
    <groups>
    </groups>
    <test started-at="2025-08-28T18:12:37 IST" name="Surefire test" finished-at="2025-08-28T18:12:54 IST" duration-ms="16968">
      <class name="com.genaiqe.module1.LoginTest">
        <test-method is-config="true" signature="setUp()[pri:0, instance:com.genaiqe.module1.LoginTest@61386958]" started-at="2025-08-28T18:12:37 IST" name="setUp" finished-at="2025-08-28T18:12:41 IST" duration-ms="3987" status="PASS">
          <reporter-output>
          </reporter-output>
        </test-method> <!-- setUp -->
        <test-method signature="testLogin()[pri:0, instance:com.genaiqe.module1.LoginTest@61386958]" started-at="2025-08-28T18:12:41 IST" name="testLogin" finished-at="2025-08-28T18:12:53 IST" duration-ms="11955" status="PASS">
          <reporter-output>
          </reporter-output>
        </test-method> <!-- testLogin -->
        <test-method is-config="true" signature="tearDown()[pri:0, instance:com.genaiqe.module1.LoginTest@61386958]" started-at="2025-08-28T18:12:53 IST" name="tearDown" finished-at="2025-08-28T18:12:54 IST" duration-ms="869" status="PASS">
          <reporter-output>
          </reporter-output>
        </test-method> <!-- tearDown -->
      </class> <!-- com.genaiqe.module1.LoginTest -->
    </test> <!-- Surefire test -->
  </suite> <!-- Surefire suite -->
</testng-results>
